2025-03-28 17:13:24.836521 - Received CBT.V508.FILE020.PDS from FILE020.XMI 
2025-03-28 17:13:24.837545 - Found $$$#DATE.txt (text/plain) in CBT.V508.FILE020.PDS, moved to PDS/$$$#DATE
2025-03-28 17:13:24.838087 - Found $$$DOC.txt (text/plain) in CBT.V508.FILE020.PDS, moved to PDS/$$$DOC
2025-03-28 17:13:24.838978 - Found $$NOTE01.txt (text/plain) in CBT.V508.FILE020.PDS, moved to PDS/$$NOTE01
2025-03-28 17:13:24.839914 - Found @FILE020.txt (text/plain) in CBT.V508.FILE020.PDS, moved to PDS/@FILE020
2025-03-28 17:13:24.840787 - Found APFLIST.rexx (text/plain) in CBT.V508.FILE020.PDS, moved to PDS/APFLIST
2025-03-28 17:13:24.841441 - Found ASCB.rexx (text/plain) in CBT.V508.FILE020.PDS, moved to PDS/ASCB
2025-03-28 17:13:24.842193 - Found ASCB2.rexx (text/plain) in CBT.V508.FILE020.PDS, moved to PDS/ASCB2
2025-03-28 17:13:24.842974 - Found BRODCAST.rexx (text/plain) in CBT.V508.FILE020.PDS, moved to PDS/BRODCAST
2025-03-28 17:13:24.844488 - Found CARDS.rexx (text/plain) in CBT.V508.FILE020.PDS, moved to PDS/CARDS
2025-03-28 17:13:24.845991 - Found CAXWA.rexx (text/plain) in CBT.V508.FILE020.PDS, moved to PDS/CAXWA
2025-03-28 17:13:24.846770 - Found DASDUCB.rexx (text/plain) in CBT.V508.FILE020.PDS, moved to PDS/DASDUCB
2025-03-28 17:13:24.847685 - Found DIRPDS.rexx (text/plain) in CBT.V508.FILE020.PDS, moved to PDS/DIRPDS
2025-03-28 17:13:24.848412 - Found DSCB.rexx (text/plain) in CBT.V508.FILE020.PDS, moved to PDS/DSCB
2025-03-28 17:13:24.849330 - Found EDTLIST.rexx (text/plain) in CBT.V508.FILE020.PDS, moved to PDS/EDTLIST
2025-03-28 17:13:24.850658 - Found EDTLOOK.rexx (text/plain) in CBT.V508.FILE020.PDS, moved to PDS/EDTLOOK
2025-03-28 17:13:24.851308 - Found GDGDEL.rexx (text/plain) in CBT.V508.FILE020.PDS, moved to PDS/GDGDEL
2025-03-28 17:13:24.852411 - Found GDGSCAN.rexx (text/plain) in CBT.V508.FILE020.PDS, moved to PDS/GDGSCAN
2025-03-28 17:13:24.853729 - Found GENERIC.rexx (text/plain) in CBT.V508.FILE020.PDS, moved to PDS/GENERIC
2025-03-28 17:13:24.854515 - Found LDSITEST.rexx (text/plain) in CBT.V508.FILE020.PDS, moved to PDS/LDSITEST
2025-03-28 17:13:24.857527 - Found LISTAPFT.rexx (text/plain) in CBT.V508.FILE020.PDS, moved to PDS/LISTAPFT
2025-03-28 17:13:24.858559 - Found LISTAPF2.rexx (text/plain) in CBT.V508.FILE020.PDS, moved to PDS/LISTAPF2
2025-03-28 17:13:24.859160 - Found LISTDASD.rexx (text/plain) in CBT.V508.FILE020.PDS, moved to PDS/LISTDASD
2025-03-28 17:13:24.859727 - Found LISTDCQ.rexx (text/plain) in CBT.V508.FILE020.PDS, moved to PDS/LISTDCQ
2025-03-28 17:13:24.860237 - Found LISTTAPE.rexx (text/plain) in CBT.V508.FILE020.PDS, moved to PDS/LISTTAPE
2025-03-28 17:13:24.860884 - Found LNKLIST.rexx (text/plain) in CBT.V508.FILE020.PDS, moved to PDS/LNKLIST
2025-03-28 17:13:24.861593 - Found LST.rexx (text/plain) in CBT.V508.FILE020.PDS, moved to PDS/LST
2025-03-28 17:13:24.862242 - Found LST#.txt (text/plain) in CBT.V508.FILE020.PDS, moved to PDS/LST#
2025-03-28 17:13:24.862937 - Found MOO.rexx (text/plain) in CBT.V508.FILE020.PDS, moved to PDS/MOO
2025-03-28 17:13:24.863520 - Found RDSNALL.txt (text/plain) in CBT.V508.FILE020.PDS, moved to PDS/RDSNALL
2025-03-28 17:13:24.863989 - Found RDSNALL$.jcl (text/plain) in CBT.V508.FILE020.PDS, moved to PDS/RDSNALL$
2025-03-28 17:13:24.864634 - Found RDSNTEST.rexx (text/plain) in CBT.V508.FILE020.PDS, moved to PDS/RDSNTEST
2025-03-28 17:13:24.865169 - Found REGS.txt (text/plain) in CBT.V508.FILE020.PDS, moved to PDS/REGS
2025-03-28 17:13:24.865657 - Found RETSTORE.rexx (text/plain) in CBT.V508.FILE020.PDS, moved to PDS/RETSTORE
2025-03-28 17:13:24.866194 - Found SETISR.rexx (text/plain) in CBT.V508.FILE020.PDS, moved to PDS/SETISR
2025-03-28 17:13:24.866732 - Found SMFID.rexx (text/plain) in CBT.V508.FILE020.PDS, moved to PDS/SMFID
2025-03-28 17:13:24.867341 - Found SSCTLOOK.rexx (text/plain) in CBT.V508.FILE020.PDS, moved to PDS/SSCTLOOK
2025-03-28 17:13:24.867781 - Found SUBSYS.rexx (text/plain) in CBT.V508.FILE020.PDS, moved to PDS/SUBSYS
2025-03-28 17:13:24.868626 - Found SYSBASE.rexx (text/plain) in CBT.V508.FILE020.PDS, moved to PDS/SYSBASE
2025-03-28 17:13:24.868951 - Found TEMPLATE.rexx (text/plain) in CBT.V508.FILE020.PDS, moved to PDS/TEMPLATE
2025-03-28 17:13:24.869342 - Found TSOTRAP.rexx (text/plain) in CBT.V508.FILE020.PDS, moved to PDS/TSOTRAP
2025-03-28 17:13:24.869977 - Found UCBINFO.rexx (text/plain) in CBT.V508.FILE020.PDS, moved to PDS/UCBINFO
2025-03-28 17:13:24.870527 - Found UCBSEL.rexx (text/plain) in CBT.V508.FILE020.PDS, moved to PDS/UCBSEL
2025-03-28 17:13:24.870941 - Found UCBSUBR.txt (text/plain) in CBT.V508.FILE020.PDS, moved to PDS/UCBSUBR
2025-03-28 17:13:24.871496 - Found UCBTEST.rexx (text/plain) in CBT.V508.FILE020.PDS, moved to PDS/UCBTEST
